<?xml version="1.0" encoding="UTF-8"?>
<testsuite xmlns:xsi="http://www.w3.org/2001/XMLSchema-instance" xsi:noNamespaceSchemaLocation="https://maven.apache.org/surefire/maven-surefire-plugin/xsd/surefire-test-report-3.0.xsd" version="3.0" name="TestSuite" time="22.229" tests="4" errors="0" skipped="0" failures="0">
  <properties>
[...]
</properties>
  <testcase name="Excel" classname="gov.acms.acmsproject.sample.ExcelValidation" time="0.614"/>
  <testcase name="Setup" classname="gov.acms.acmsproject.sample.SampleBaseObject" time="6.469"/>
  <testcase name="PageObject" classname="gov.acms.acmsproject.sample.SamplePageObject" time="3.68"/>
  <testcase name="SampleTest" classname="gov.acms.acmsproject.sample.SampleWebDriveManager" time="4.322"/>
</testsuite>