<?xml version="1.0" encoding="UTF-8"?>
<testng-results ignored="0" total="4" passed="4" failed="0" skipped="0">
  <reporter-output>
  </reporter-output>
  <suite started-at="2021-06-08T10:46:54 EDT" name="Suite" finished-at="2021-06-08T10:47:15 EDT" duration-ms="21661">
    <groups>
    </groups>
    <test started-at="2021-06-08T10:46:54 EDT" name="ExcelValidation" finished-at="2021-06-08T10:46:54 EDT" duration-ms="638">
      <class name="gov.acms.acmsproject.sample.ExcelValidation">
        <test-method signature="Excel()[pri:0, instance:gov.acms.acmsproject.sample.ExcelValidation@193f604a]" started-at="2021-06-08T10:46:54 EDT" name="Excel" finished-at="2021-06-08T10:46:54 EDT" duration-ms="613" status="PASS">
          <reporter-output>
          </reporter-output>
        </test-method> <!-- Excel -->
      </class> <!-- gov.acms.acmsproject.sample.ExcelValidation -->
    </test> <!-- ExcelValidation -->
    <test started-at="2021-06-08T10:46:54 EDT" name="SampleBaseObject" finished-at="2021-06-08T10:47:05 EDT" duration-ms="10287">
      <class name="gov.acms.acmsproject.sample.SampleBaseObject">
        <test-method is-config="true" signature="BeforeClass()[pri:0, instance:gov.acms.acmsproject.sample.SampleBaseObject@710636b0]" started-at="2021-06-08T10:46:54 EDT" name="BeforeClass" finished-at="2021-06-08T10:46:55 EDT" duration-ms="186" status="PASS">
          <reporter-output>
          </reporter-output>
        </test-method> <!-- BeforeClass -->
        <test-method is-config="true" signature="setUp()[pri:0, instance:gov.acms.acmsproject.sample.SampleBaseObject@710636b0]" started-at="2021-06-08T10:46:55 EDT" name="setUp" finished-at="2021-06-08T10:46:57 EDT" duration-ms="2681" status="PASS">
          <reporter-output>
          </reporter-output>
        </test-method> <!-- setUp -->
        <test-method signature="Setup()[pri:0, instance:gov.acms.acmsproject.sample.SampleBaseObject@710636b0]" started-at="2021-06-08T10:46:57 EDT" name="Setup" finished-at="2021-06-08T10:47:04 EDT" duration-ms="6470" status="PASS">
          <reporter-output>
          </reporter-output>
        </test-method> <!-- Setup -->
        <test-method is-config="true" signature="teardown()[pri:0, instance:gov.acms.acmsproject.sample.SampleBaseObject@710636b0]" started-at="2021-06-08T10:47:04 EDT" name="teardown" finished-at="2021-06-08T10:47:04 EDT" duration-ms="650" status="PASS">
          <reporter-output>
          </reporter-output>
        </test-method> <!-- teardown -->
        <test-method is-config="true" signature="endTest()[pri:0, instance:gov.acms.acmsproject.sample.SampleBaseObject@710636b0]" started-at="2021-06-08T10:47:04 EDT" name="endTest" finished-at="2021-06-08T10:47:05 EDT" duration-ms="298" status="PASS">
          <reporter-output>
          </reporter-output>
        </test-method> <!-- endTest -->
      </class> <!-- gov.acms.acmsproject.sample.SampleBaseObject -->
    </test> <!-- SampleBaseObject -->
    <test started-at="2021-06-08T10:47:05 EDT" name="SamplePageObject" finished-at="2021-06-08T10:47:10 EDT" duration-ms="5679">
      <class name="gov.acms.acmsproject.sample.SamplePageObject">
        <test-method is-config="true" signature="BeforeClass()[pri:0, instance:gov.acms.acmsproject.sample.SamplePageObject@7bd7d6d6]" started-at="2021-06-08T10:47:05 EDT" name="BeforeClass" finished-at="2021-06-08T10:47:05 EDT" duration-ms="1" status="PASS">
          <reporter-output>
          </reporter-output>
        </test-method> <!-- BeforeClass -->
        <test-method is-config="true" signature="setUp()[pri:0, instance:gov.acms.acmsproject.sample.SamplePageObject@7bd7d6d6]" started-at="2021-06-08T10:47:05 EDT" name="setUp" finished-at="2021-06-08T10:47:06 EDT" duration-ms="1248" status="PASS">
          <reporter-output>
          </reporter-output>
        </test-method> <!-- setUp -->
        <test-method signature="PageObject()[pri:0, instance:gov.acms.acmsproject.sample.SamplePageObject@7bd7d6d6]" started-at="2021-06-08T10:47:06 EDT" name="PageObject" finished-at="2021-06-08T10:47:10 EDT" duration-ms="3680" status="PASS">
          <reporter-output>
          </reporter-output>
        </test-method> <!-- PageObject -->
        <test-method is-config="true" signature="teardown()[pri:0, instance:gov.acms.acmsproject.sample.SamplePageObject@7bd7d6d6]" started-at="2021-06-08T10:47:10 EDT" name="teardown" finished-at="2021-06-08T10:47:10 EDT" duration-ms="680" status="PASS">
          <reporter-output>
          </reporter-output>
        </test-method> <!-- teardown -->
        <test-method is-config="true" signature="endTest()[pri:0, instance:gov.acms.acmsproject.sample.SamplePageObject@7bd7d6d6]" started-at="2021-06-08T10:47:10 EDT" name="endTest" finished-at="2021-06-08T10:47:10 EDT" duration-ms="68" status="PASS">
          <reporter-output>
          </reporter-output>
        </test-method> <!-- endTest -->
      </class> <!-- gov.acms.acmsproject.sample.SamplePageObject -->
    </test> <!-- SamplePageObject -->
    <test started-at="2021-06-08T10:47:10 EDT" name="SampleWebDriveManager" finished-at="2021-06-08T10:47:15 EDT" duration-ms="5017">
      <class name="gov.acms.acmsproject.sample.SampleWebDriveManager">
        <test-method is-config="true" signature="BeforeClass()[pri:0, instance:gov.acms.acmsproject.sample.SampleWebDriveManager@5f8e8a9d]" started-at="2021-06-08T10:47:10 EDT" name="BeforeClass" finished-at="2021-06-08T10:47:10 EDT" duration-ms="1" status="PASS">
          <reporter-output>
          </reporter-output>
        </test-method> <!-- BeforeClass -->
        <test-method signature="SampleTest()[pri:0, instance:gov.acms.acmsproject.sample.SampleWebDriveManager@5f8e8a9d]" started-at="2021-06-08T10:47:10 EDT" name="SampleTest" finished-at="2021-06-08T10:47:15 EDT" duration-ms="4322" status="PASS">
          <reporter-output>
          </reporter-output>
        </test-method> <!-- SampleTest -->
        <test-method is-config="true" signature="teardown()[pri:0, instance:gov.acms.acmsproject.sample.SampleWebDriveManager@5f8e8a9d]" started-at="2021-06-08T10:47:15 EDT" name="teardown" finished-at="2021-06-08T10:47:15 EDT" duration-ms="639" status="PASS">
          <reporter-output>
          </reporter-output>
        </test-method> <!-- teardown -->
        <test-method is-config="true" signature="endTest()[pri:0, instance:gov.acms.acmsproject.sample.SampleWebDriveManager@5f8e8a9d]" started-at="2021-06-08T10:47:15 EDT" name="endTest" finished-at="2021-06-08T10:47:15 EDT" duration-ms="54" status="PASS">
          <reporter-output>
          </reporter-output>
        </test-method> <!-- endTest -->
      </class> <!-- gov.acms.acmsproject.sample.SampleWebDriveManager -->
    </test> <!-- SampleWebDriveManager -->
  </suite> <!-- Suite -->
</testng-results>
