<?xml version="1.0" encoding="UTF-8"?>
<testng-results ignored="0" total="4" passed="4" failed="0" skipped="0">
  <reporter-output>
  </reporter-output>
  <suite started-at="2021-06-08T01:11:39 EDT" name="Suite" finished-at="2021-06-08T01:11:57 EDT" duration-ms="17760">
    <groups>
    </groups>
    <test started-at="2021-06-08T01:11:39 EDT" name="ExcelValidation" finished-at="2021-06-08T01:11:39 EDT" duration-ms="462">
      <class name="gov.acms.acmsproject.sample.ExcelValidation">
        <test-method signature="Excel()[pri:0, instance:gov.acms.acmsproject.sample.ExcelValidation@193f604a]" started-at="2021-06-08T01:11:39 EDT" name="Excel" finished-at="2021-06-08T01:11:39 EDT" duration-ms="439" status="PASS">
          <reporter-output>
          </reporter-output>
        </test-method> <!-- Excel -->
      </class> <!-- gov.acms.acmsproject.sample.ExcelValidation -->
    </test> <!-- ExcelValidation -->
    <test started-at="2021-06-08T01:11:39 EDT" name="SampleBaseObject" finished-at="2021-06-08T01:11:47 EDT" duration-ms="7494">
      <class name="gov.acms.acmsproject.sample.SampleBaseObject">
        <test-method is-config="true" signature="BeforeClass()[pri:0, instance:gov.acms.acmsproject.sample.SampleBaseObject@710636b0]" started-at="2021-06-08T01:11:39 EDT" name="BeforeClass" finished-at="2021-06-08T01:11:40 EDT" duration-ms="168" status="PASS">
          <reporter-output>
          </reporter-output>
        </test-method> <!-- BeforeClass -->
        <test-method is-config="true" signature="setUp()[pri:0, instance:gov.acms.acmsproject.sample.SampleBaseObject@710636b0]" started-at="2021-06-08T01:11:40 EDT" name="setUp" finished-at="2021-06-08T01:11:42 EDT" duration-ms="2431" status="PASS">
          <reporter-output>
          </reporter-output>
        </test-method> <!-- setUp -->
        <test-method signature="Setup()[pri:0, instance:gov.acms.acmsproject.sample.SampleBaseObject@710636b0]" started-at="2021-06-08T01:11:42 EDT" name="Setup" finished-at="2021-06-08T01:11:46 EDT" duration-ms="4025" status="PASS">
          <reporter-output>
          </reporter-output>
        </test-method> <!-- Setup -->
        <test-method is-config="true" signature="teardown()[pri:0, instance:gov.acms.acmsproject.sample.SampleBaseObject@710636b0]" started-at="2021-06-08T01:11:46 EDT" name="teardown" finished-at="2021-06-08T01:11:47 EDT" duration-ms="605" status="PASS">
          <reporter-output>
          </reporter-output>
        </test-method> <!-- teardown -->
        <test-method is-config="true" signature="endTest()[pri:0, instance:gov.acms.acmsproject.sample.SampleBaseObject@710636b0]" started-at="2021-06-08T01:11:47 EDT" name="endTest" finished-at="2021-06-08T01:11:47 EDT" duration-ms="262" status="PASS">
          <reporter-output>
          </reporter-output>
        </test-method> <!-- endTest -->
      </class> <!-- gov.acms.acmsproject.sample.SampleBaseObject -->
    </test> <!-- SampleBaseObject -->
    <test started-at="2021-06-08T01:11:47 EDT" name="SamplePageObject" finished-at="2021-06-08T01:11:52 EDT" duration-ms="5103">
      <class name="gov.acms.acmsproject.sample.SamplePageObject">
        <test-method is-config="true" signature="BeforeClass()[pri:0, instance:gov.acms.acmsproject.sample.SamplePageObject@7bd7d6d6]" started-at="2021-06-08T01:11:47 EDT" name="BeforeClass" finished-at="2021-06-08T01:11:47 EDT" duration-ms="1" status="PASS">
          <reporter-output>
          </reporter-output>
        </test-method> <!-- BeforeClass -->
        <test-method is-config="true" signature="setUp()[pri:0, instance:gov.acms.acmsproject.sample.SamplePageObject@7bd7d6d6]" started-at="2021-06-08T01:11:47 EDT" name="setUp" finished-at="2021-06-08T01:11:48 EDT" duration-ms="1243" status="PASS">
          <reporter-output>
          </reporter-output>
        </test-method> <!-- setUp -->
        <test-method signature="PageObject()[pri:0, instance:gov.acms.acmsproject.sample.SamplePageObject@7bd7d6d6]" started-at="2021-06-08T01:11:48 EDT" name="PageObject" finished-at="2021-06-08T01:11:51 EDT" duration-ms="3174" status="PASS">
          <reporter-output>
          </reporter-output>
        </test-method> <!-- PageObject -->
        <test-method is-config="true" signature="teardown()[pri:0, instance:gov.acms.acmsproject.sample.SamplePageObject@7bd7d6d6]" started-at="2021-06-08T01:11:51 EDT" name="teardown" finished-at="2021-06-08T01:11:52 EDT" duration-ms="616" status="PASS">
          <reporter-output>
          </reporter-output>
        </test-method> <!-- teardown -->
        <test-method is-config="true" signature="endTest()[pri:0, instance:gov.acms.acmsproject.sample.SamplePageObject@7bd7d6d6]" started-at="2021-06-08T01:11:52 EDT" name="endTest" finished-at="2021-06-08T01:11:52 EDT" duration-ms="67" status="PASS">
          <reporter-output>
          </reporter-output>
        </test-method> <!-- endTest -->
      </class> <!-- gov.acms.acmsproject.sample.SamplePageObject -->
    </test> <!-- SamplePageObject -->
    <test started-at="2021-06-08T01:11:52 EDT" name="SampleWebDriveManager" finished-at="2021-06-08T01:11:57 EDT" duration-ms="4670">
      <class name="gov.acms.acmsproject.sample.SampleWebDriveManager">
        <test-method is-config="true" signature="BeforeClass()[pri:0, instance:gov.acms.acmsproject.sample.SampleWebDriveManager@5f8e8a9d]" started-at="2021-06-08T01:11:52 EDT" name="BeforeClass" finished-at="2021-06-08T01:11:52 EDT" duration-ms="1" status="PASS">
          <reporter-output>
          </reporter-output>
        </test-method> <!-- BeforeClass -->
        <test-method signature="SampleTest()[pri:0, instance:gov.acms.acmsproject.sample.SampleWebDriveManager@5f8e8a9d]" started-at="2021-06-08T01:11:52 EDT" name="SampleTest" finished-at="2021-06-08T01:11:56 EDT" duration-ms="4037" status="PASS">
          <reporter-output>
          </reporter-output>
        </test-method> <!-- SampleTest -->
        <test-method is-config="true" signature="teardown()[pri:0, instance:gov.acms.acmsproject.sample.SampleWebDriveManager@5f8e8a9d]" started-at="2021-06-08T01:11:56 EDT" name="teardown" finished-at="2021-06-08T01:11:57 EDT" duration-ms="590" status="PASS">
          <reporter-output>
          </reporter-output>
        </test-method> <!-- teardown -->
        <test-method is-config="true" signature="endTest()[pri:0, instance:gov.acms.acmsproject.sample.SampleWebDriveManager@5f8e8a9d]" started-at="2021-06-08T01:11:57 EDT" name="endTest" finished-at="2021-06-08T01:11:57 EDT" duration-ms="41" status="PASS">
          <reporter-output>
          </reporter-output>
        </test-method> <!-- endTest -->
      </class> <!-- gov.acms.acmsproject.sample.SampleWebDriveManager -->
    </test> <!-- SampleWebDriveManager -->
  </suite> <!-- Suite -->
</testng-results>
