<?xml version="1.0" encoding="UTF-8"?>
<testng-results ignored="0" total="1" passed="1" failed="0" skipped="0">
  <reporter-output>
  </reporter-output>
  <suite started-at="2021-06-05T16:04:47 EDT" name="Default suite" finished-at="2021-06-05T16:04:47 EDT" duration-ms="35">
    <groups>
    </groups>
    <test started-at="2021-06-05T16:04:47 EDT" name="Default test" finished-at="2021-06-05T16:04:47 EDT" duration-ms="35">
      <class name="gov.acms.acmsproject.sample.Sample1">
        <test-method signature="Setup()[pri:0, instance:gov.acms.acmsproject.sample.Sample1@7bab3f1a]" started-at="2021-06-05T16:04:47 EDT" name="Setup" finished-at="2021-06-05T16:04:47 EDT" duration-ms="5" status="PASS">
          <reporter-output>
          </reporter-output>
        </test-method> <!-- Setup -->
      </class> <!-- gov.acms.acmsproject.sample.Sample1 -->
    </test> <!-- Default test -->
  </suite> <!-- Default suite -->
</testng-results>
