<?xml version="1.0" encoding="UTF-8"?>
<testng-results ignored="0" total="1" passed="1" failed="0" skipped="0">
  <reporter-output>
  </reporter-output>
  <suite started-at="2021-06-08T00:38:48 EDT" name="acmsApplications" finished-at="2021-06-08T00:38:54 EDT" duration-ms="5560">
    <groups>
    </groups>
    <test started-at="2021-06-08T00:38:48 EDT" name="SampleWebDriveManager" finished-at="2021-06-08T00:38:54 EDT" duration-ms="5560">
      <class name="gov.acms.acmsproject.sample.SampleWebDriveManager">
        <test-method is-config="true" signature="BeforeClass()[pri:0, instance:gov.acms.acmsproject.sample.SampleWebDriveManager@69ee81fc]" started-at="2021-06-08T00:38:48 EDT" name="BeforeClass" finished-at="2021-06-08T00:38:48 EDT" duration-ms="192" status="PASS">
          <reporter-output>
          </reporter-output>
        </test-method> <!-- BeforeClass -->
        <test-method signature="SampleTest()[pri:0, instance:gov.acms.acmsproject.sample.SampleWebDriveManager@69ee81fc]" started-at="2021-06-08T00:38:48 EDT" name="SampleTest" finished-at="2021-06-08T00:38:53 EDT" duration-ms="5084" status="PASS">
          <reporter-output>
          </reporter-output>
        </test-method> <!-- SampleTest -->
        <test-method is-config="true" signature="endTest()[pri:0, instance:gov.acms.acmsproject.sample.SampleWebDriveManager@69ee81fc]" started-at="2021-06-08T00:38:53 EDT" name="endTest" finished-at="2021-06-08T00:38:54 EDT" duration-ms="260" status="PASS">
          <reporter-output>
          </reporter-output>
        </test-method> <!-- endTest -->
      </class> <!-- gov.acms.acmsproject.sample.SampleWebDriveManager -->
    </test> <!-- SampleWebDriveManager -->
  </suite> <!-- acmsApplications -->
</testng-results>
